This file contains any messages produced by compilers while
running configure, to aid debugging if configure makes a mistake.

It was created by configure, which was
generated by GNU Autoconf 2.61.  Invocation command line was

  $ ./configure 

## --------- ##
## Platform. ##
## --------- ##

hostname = DHCP1
uname -m = i686
uname -r = 2.6.24-19-server
uname -s = Linux
uname -v = #1 SMP Wed Jun 18 15:18:00 UTC 2008

/usr/bin/uname -p = unknown
/bin/uname -X     = unknown

/bin/arch              = unknown
/usr/bin/arch -k       = unknown
/usr/convex/getsysinfo = unknown
/usr/bin/hostinfo      = unknown
/bin/machine           = unknown
/usr/bin/oslevel       = unknown
/bin/universe          = unknown

PATH: /usr/local/sbin
PATH: /usr/local/bin
PATH: /usr/sbin
PATH: /usr/bin
PATH: /sbin
PATH: /bin
PATH: /usr/games


## ----------- ##
## Core tests. ##
## ----------- ##

configure:1732: checking for gcc
configure:1748: found /usr/bin/gcc
configure:1759: result: gcc
configure:1997: checking for C compiler version
configure:2004: gcc --version >&5
gcc (GCC) 4.2.3 (Ubuntu 4.2.3-2ubuntu7)
Copyright (C) 2007 Free Software Foundation, Inc.
This is free software; see the source for copying conditions.  There is NO
warranty; not even for MERCHANTABILITY or FITNESS FOR A PARTICULAR PURPOSE.

configure:2007: $? = 0
configure:2014: gcc -v >&5
Using built-in specs.
Target: i486-linux-gnu
Configured with: ../src/configure -v --enable-languages=c,c++,fortran,objc,obj-c++,treelang --prefix=/usr --enable-shared --with-system-zlib --libexecdir=/usr/lib --without-included-gettext --enable-threads=posix --enable-nls --with-gxx-include-dir=/usr/include/c++/4.2 --program-suffix=-4.2 --enable-clocale=gnu --enable-libstdcxx-debug --enable-objc-gc --enable-mpfr --enable-targets=all --enable-checking=release --build=i486-linux-gnu --host=i486-linux-gnu --target=i486-linux-gnu
Thread model: posix
gcc version 4.2.3 (Ubuntu 4.2.3-2ubuntu7)
configure:2017: $? = 0
configure:2024: gcc -V >&5
gcc: '-V' option must have argument
configure:2027: $? = 1
configure:2050: checking for C compiler default output file name
configure:2077: gcc    conftest.c  >&5
configure:2080: $? = 0
configure:2118: result: a.out
configure:2135: checking whether the C compiler works
configure:2145: ./a.out
configure:2148: $? = 0
configure:2165: result: yes
configure:2172: checking whether we are cross compiling
configure:2174: result: no
configure:2177: checking for suffix of executables
configure:2184: gcc -o conftest    conftest.c  >&5
configure:2187: $? = 0
configure:2211: result: 
configure:2217: checking for suffix of object files
configure:2243: gcc -c   conftest.c >&5
configure:2246: $? = 0
configure:2269: result: o
configure:2273: checking whether we are using the GNU C compiler
configure:2302: gcc -c   conftest.c >&5
configure:2308: $? = 0
configure:2325: result: yes
configure:2330: checking whether gcc accepts -g
configure:2360: gcc -c -g  conftest.c >&5
configure:2366: $? = 0
configure:2465: result: yes
configure:2482: checking for gcc option to accept ISO C89
configure:2556: gcc  -c -g -O2  conftest.c >&5
configure:2562: $? = 0
configure:2585: result: none needed
configure:2666: checking for gcc
configure:2693: result: gcc
configure:2931: checking for C compiler version
configure:2938: gcc --version >&5
gcc (GCC) 4.2.3 (Ubuntu 4.2.3-2ubuntu7)
Copyright (C) 2007 Free Software Foundation, Inc.
This is free software; see the source for copying conditions.  There is NO
warranty; not even for MERCHANTABILITY or FITNESS FOR A PARTICULAR PURPOSE.

configure:2941: $? = 0
configure:2948: gcc -v >&5
Using built-in specs.
Target: i486-linux-gnu
Configured with: ../src/configure -v --enable-languages=c,c++,fortran,objc,obj-c++,treelang --prefix=/usr --enable-shared --with-system-zlib --libexecdir=/usr/lib --without-included-gettext --enable-threads=posix --enable-nls --with-gxx-include-dir=/usr/include/c++/4.2 --program-suffix=-4.2 --enable-clocale=gnu --enable-libstdcxx-debug --enable-objc-gc --enable-mpfr --enable-targets=all --enable-checking=release --build=i486-linux-gnu --host=i486-linux-gnu --target=i486-linux-gnu
Thread model: posix
gcc version 4.2.3 (Ubuntu 4.2.3-2ubuntu7)
configure:2951: $? = 0
configure:2958: gcc -V >&5
gcc: '-V' option must have argument
configure:2961: $? = 1
configure:2964: checking whether we are using the GNU C compiler
configure:3016: result: yes
configure:3021: checking whether gcc accepts -g
configure:3156: result: yes
configure:3173: checking for gcc option to accept ISO C89
configure:3276: result: none needed
configure:3341: checking for a BSD-compatible install
configure:3397: result: /usr/bin/install -c
configure:3408: checking whether ln -s works
configure:3412: result: yes
configure:3422: checking for sqlite3_open in -lsqlite3
configure:3457: gcc -o conftest -g -O2 -I/usr/local/include -Wall  -I/usr/local/include  -L/usr/local/lib conftest.c -lsqlite3   >&5
configure:3463: $? = 0
configure:3481: result: yes
configure:3497: checking for mysql_init in -lmysqlclient
configure:3532: gcc -o conftest -g -O2 -I/usr/local/include -Wall  -I/usr/local/include  -L/usr/local/lib conftest.c -lmysqlclient  -lsqlite3  >&5
configure:3538: $? = 0
configure:3556: result: yes
configure:3577: checking how to run the C preprocessor
configure:3617: gcc -E  -I/usr/local/include conftest.c
configure:3623: $? = 0
configure:3654: gcc -E  -I/usr/local/include conftest.c
conftest.c:12:28: error: ac_nonexistent.h: No such file or directory
configure:3660: $? = 1
configure: failed program was:
| /* confdefs.h.  */
| #define PACKAGE_NAME ""
| #define PACKAGE_TARNAME ""
| #define PACKAGE_VERSION ""
| #define PACKAGE_STRING ""
| #define PACKAGE_BUGREPORT ""
| #define PRODUCT "gluff"
| #define VERSION "1.0"
| #define HAVE_LIBSQLITE3 1
| #define HAVE_LIBMYSQLCLIENT 1
| /* end confdefs.h.  */
| #include <ac_nonexistent.h>
configure:3693: result: gcc -E
configure:3722: gcc -E  -I/usr/local/include conftest.c
configure:3728: $? = 0
configure:3759: gcc -E  -I/usr/local/include conftest.c
conftest.c:12:28: error: ac_nonexistent.h: No such file or directory
configure:3765: $? = 1
configure: failed program was:
| /* confdefs.h.  */
| #define PACKAGE_NAME ""
| #define PACKAGE_TARNAME ""
| #define PACKAGE_VERSION ""
| #define PACKAGE_STRING ""
| #define PACKAGE_BUGREPORT ""
| #define PRODUCT "gluff"
| #define VERSION "1.0"
| #define HAVE_LIBSQLITE3 1
| #define HAVE_LIBMYSQLCLIENT 1
| /* end confdefs.h.  */
| #include <ac_nonexistent.h>
configure:3803: checking for grep that handles long lines and -e
configure:3877: result: /bin/grep
configure:3882: checking for egrep
configure:3960: result: /bin/grep -E
configure:3965: checking for ANSI C header files
configure:3995: gcc -c -g -O2 -I/usr/local/include -Wall  -I/usr/local/include conftest.c >&5
configure:4001: $? = 0
configure:4100: gcc -o conftest -g -O2 -I/usr/local/include -Wall  -I/usr/local/include  -L/usr/local/lib conftest.c -lmysqlclient -lsqlite3  >&5
configure:4103: $? = 0
configure:4109: ./conftest
configure:4112: $? = 0
configure:4129: result: yes
configure:4153: checking for sys/types.h
configure:4174: gcc -c -g -O2 -I/usr/local/include -Wall  -I/usr/local/include conftest.c >&5
configure:4180: $? = 0
configure:4196: result: yes
configure:4153: checking for sys/stat.h
configure:4174: gcc -c -g -O2 -I/usr/local/include -Wall  -I/usr/local/include conftest.c >&5
configure:4180: $? = 0
configure:4196: result: yes
configure:4153: checking for stdlib.h
configure:4174: gcc -c -g -O2 -I/usr/local/include -Wall  -I/usr/local/include conftest.c >&5
configure:4180: $? = 0
configure:4196: result: yes
configure:4153: checking for string.h
configure:4174: gcc -c -g -O2 -I/usr/local/include -Wall  -I/usr/local/include conftest.c >&5
configure:4180: $? = 0
configure:4196: result: yes
configure:4153: checking for memory.h
configure:4174: gcc -c -g -O2 -I/usr/local/include -Wall  -I/usr/local/include conftest.c >&5
configure:4180: $? = 0
configure:4196: result: yes
configure:4153: checking for strings.h
configure:4174: gcc -c -g -O2 -I/usr/local/include -Wall  -I/usr/local/include conftest.c >&5
configure:4180: $? = 0
configure:4196: result: yes
configure:4153: checking for inttypes.h
configure:4174: gcc -c -g -O2 -I/usr/local/include -Wall  -I/usr/local/include conftest.c >&5
configure:4180: $? = 0
configure:4196: result: yes
configure:4153: checking for stdint.h
configure:4174: gcc -c -g -O2 -I/usr/local/include -Wall  -I/usr/local/include conftest.c >&5
configure:4180: $? = 0
configure:4196: result: yes
configure:4153: checking for unistd.h
configure:4174: gcc -c -g -O2 -I/usr/local/include -Wall  -I/usr/local/include conftest.c >&5
configure:4180: $? = 0
configure:4196: result: yes
configure:4226: checking limits.h usability
configure:4243: gcc -c -g -O2 -I/usr/local/include -Wall  -I/usr/local/include conftest.c >&5
configure:4249: $? = 0
configure:4263: result: yes
configure:4267: checking limits.h presence
configure:4282: gcc -E  -I/usr/local/include conftest.c
configure:4288: $? = 0
configure:4302: result: yes
configure:4330: checking for limits.h
configure:4338: result: yes
configure:4216: checking for unistd.h
configure:4222: result: yes
configure:4226: checking mysql/mysql.h usability
configure:4243: gcc -c -g -O2 -I/usr/local/include -Wall  -I/usr/local/include conftest.c >&5
configure:4249: $? = 0
configure:4263: result: yes
configure:4267: checking mysql/mysql.h presence
configure:4282: gcc -E  -I/usr/local/include conftest.c
configure:4288: $? = 0
configure:4302: result: yes
configure:4330: checking for mysql/mysql.h
configure:4338: result: yes
configure:4226: checking sqlite3.h usability
configure:4243: gcc -c -g -O2 -I/usr/local/include -Wall  -I/usr/local/include conftest.c >&5
configure:4249: $? = 0
configure:4263: result: yes
configure:4267: checking sqlite3.h presence
configure:4282: gcc -E  -I/usr/local/include conftest.c
configure:4288: $? = 0
configure:4302: result: yes
configure:4330: checking for sqlite3.h
configure:4338: result: yes
configure:4352: checking for an ANSI C-conforming const
configure:4427: gcc -c -g -O2 -I/usr/local/include -Wall  -I/usr/local/include conftest.c >&5
conftest.c: In function 'main':
conftest.c:55: warning: 't' is used uninitialized in this function
conftest.c:71: warning: 'b' is used uninitialized in this function
conftest.c:77: warning: 'cs[0]' is used uninitialized in this function
configure:4433: $? = 0
configure:4448: result: yes
configure:4459: checking return type of signal handlers
configure:4487: gcc -c -g -O2 -I/usr/local/include -Wall  -I/usr/local/include conftest.c >&5
conftest.c: In function 'main':
conftest.c:32: error: void value not ignored as it ought to be
configure:4493: $? = 1
configure: failed program was:
| /* confdefs.h.  */
| #define PACKAGE_NAME ""
| #define PACKAGE_TARNAME ""
| #define PACKAGE_VERSION ""
| #define PACKAGE_STRING ""
| #define PACKAGE_BUGREPORT ""
| #define PRODUCT "gluff"
| #define VERSION "1.0"
| #define HAVE_LIBSQLITE3 1
| #define HAVE_LIBMYSQLCLIENT 1
| #define STDC_HEADERS 1
| #define HAVE_SYS_TYPES_H 1
| #define HAVE_SYS_STAT_H 1
| #define HAVE_STDLIB_H 1
| #define HAVE_STRING_H 1
| #define HAVE_MEMORY_H 1
| #define HAVE_STRINGS_H 1
| #define HAVE_INTTYPES_H 1
| #define HAVE_STDINT_H 1
| #define HAVE_UNISTD_H 1
| #define HAVE_LIMITS_H 1
| #define HAVE_UNISTD_H 1
| #define HAVE_MYSQL_MYSQL_H 1
| #define HAVE_SQLITE3_H 1
| /* end confdefs.h.  */
| #include <sys/types.h>
| #include <signal.h>
| 
| int
| main ()
| {
| return *(signal (0, 0)) (0) == 1;
|   ;
|   return 0;
| }
configure:4508: result: void
configure:4619: creating ./config.status

## ---------------------- ##
## Running config.status. ##
## ---------------------- ##

This file was extended by config.status, which was
generated by GNU Autoconf 2.61.  Invocation command line was

  CONFIG_FILES    = 
  CONFIG_HEADERS  = 
  CONFIG_LINKS    = 
  CONFIG_COMMANDS = 
  $ ./config.status 

on DHCP1

config.status:598: creating Makefile
config.status:598: creating config.h

## ---------------- ##
## Cache variables. ##
## ---------------- ##

ac_cv_c_compiler_gnu=yes
ac_cv_c_const=yes
ac_cv_env_CC_set=
ac_cv_env_CC_value=
ac_cv_env_CFLAGS_set=
ac_cv_env_CFLAGS_value=
ac_cv_env_CPPFLAGS_set=
ac_cv_env_CPPFLAGS_value=
ac_cv_env_CPP_set=
ac_cv_env_CPP_value=
ac_cv_env_LDFLAGS_set=
ac_cv_env_LDFLAGS_value=
ac_cv_env_LIBS_set=
ac_cv_env_LIBS_value=
ac_cv_env_build_alias_set=
ac_cv_env_build_alias_value=
ac_cv_env_host_alias_set=
ac_cv_env_host_alias_value=
ac_cv_env_target_alias_set=
ac_cv_env_target_alias_value=
ac_cv_header_inttypes_h=yes
ac_cv_header_limits_h=yes
ac_cv_header_memory_h=yes
ac_cv_header_mysql_mysql_h=yes
ac_cv_header_sqlite3_h=yes
ac_cv_header_stdc=yes
ac_cv_header_stdint_h=yes
ac_cv_header_stdlib_h=yes
ac_cv_header_string_h=yes
ac_cv_header_strings_h=yes
ac_cv_header_sys_stat_h=yes
ac_cv_header_sys_types_h=yes
ac_cv_header_unistd_h=yes
ac_cv_lib_mysqlclient_mysql_init=yes
ac_cv_lib_sqlite3_sqlite3_open=yes
ac_cv_objext=o
ac_cv_path_EGREP='/bin/grep -E'
ac_cv_path_GREP=/bin/grep
ac_cv_path_install='/usr/bin/install -c'
ac_cv_prog_CPP='gcc -E'
ac_cv_prog_ac_ct_CC=gcc
ac_cv_prog_cc_c89=
ac_cv_prog_cc_g=yes
ac_cv_type_signal=void

## ----------------- ##
## Output variables. ##
## ----------------- ##

CC='gcc'
CFLAGS='-g -O2 -I/usr/local/include -Wall'
CPP='gcc -E'
CPPFLAGS=' -I/usr/local/include'
DEFS='-DHAVE_CONFIG_H'
ECHO_C=''
ECHO_N='-n'
ECHO_T=''
EGREP='/bin/grep -E'
EXEEXT=''
GREP='/bin/grep'
INSTALL_DATA='${INSTALL} -m 644'
INSTALL_PROGRAM='${INSTALL}'
INSTALL_SCRIPT='${INSTALL}'
LDFLAGS=' -L/usr/local/lib'
LIBOBJS=''
LIBS='-lmysqlclient -lsqlite3 '
LN_S='ln -s'
LTLIBOBJS=''
OBJEXT='o'
PACKAGE_BUGREPORT=''
PACKAGE_NAME=''
PACKAGE_STRING=''
PACKAGE_TARNAME=''
PACKAGE_VERSION=''
PATH_SEPARATOR=':'
PRODUCT='gluff'
SHELL='/bin/bash'
VERSION='1.0'
ac_ct_CC='gcc'
bindir='${exec_prefix}/bin'
build_alias=''
datadir='${datarootdir}'
datarootdir='${prefix}/share'
docdir='${datarootdir}/doc/${PACKAGE}'
dvidir='${docdir}'
exec_prefix='${prefix}'
host_alias=''
htmldir='${docdir}'
includedir='${prefix}/include'
infodir='${datarootdir}/info'
libdir='${exec_prefix}/lib'
libexecdir='${exec_prefix}/libexec'
localedir='${datarootdir}/locale'
localstatedir='${prefix}/var'
mandir='${datarootdir}/man'
oldincludedir='/usr/include'
pdfdir='${docdir}'
prefix='/opt/gluff'
program_transform_name='s,x,x,'
psdir='${docdir}'
sbindir='${exec_prefix}/sbin'
sharedstatedir='${prefix}/com'
sysconfdir='${prefix}/etc'
target_alias=''

## ----------- ##
## confdefs.h. ##
## ----------- ##

#define PACKAGE_NAME ""
#define PACKAGE_TARNAME ""
#define PACKAGE_VERSION ""
#define PACKAGE_STRING ""
#define PACKAGE_BUGREPORT ""
#define PRODUCT "gluff"
#define VERSION "1.0"
#define HAVE_LIBSQLITE3 1
#define HAVE_LIBMYSQLCLIENT 1
#define STDC_HEADERS 1
#define HAVE_SYS_TYPES_H 1
#define HAVE_SYS_STAT_H 1
#define HAVE_STDLIB_H 1
#define HAVE_STRING_H 1
#define HAVE_MEMORY_H 1
#define HAVE_STRINGS_H 1
#define HAVE_INTTYPES_H 1
#define HAVE_STDINT_H 1
#define HAVE_UNISTD_H 1
#define HAVE_LIMITS_H 1
#define HAVE_UNISTD_H 1
#define HAVE_MYSQL_MYSQL_H 1
#define HAVE_SQLITE3_H 1
#define RETSIGTYPE void

configure: exit 0
